d:\documents\work\programming\sample\opengl_sdl base project\opengl_sdl base project\debug\vc120.pdb
d:\documents\work\programming\sample\opengl_sdl base project\opengl_sdl base project\debug\vc120.idb
d:\documents\work\programming\sample\opengl_sdl base project\opengl_sdl base project\debug\camera.obj
d:\documents\work\programming\sample\opengl_sdl base project\opengl_sdl base project\debug\gamescreen.obj
d:\documents\work\programming\sample\opengl_sdl base project\opengl_sdl base project\debug\gamescreenmanager.obj
d:\documents\work\programming\sample\opengl_sdl base project\opengl_sdl base project\debug\modelloader.obj
d:\documents\work\programming\sample\opengl_sdl base project\opengl_sdl base project\debug\object3ds.obj
d:\documents\work\programming\sample\opengl_sdl base project\opengl_sdl base project\debug\quaternionmath.obj
d:\documents\work\programming\sample\opengl_sdl base project\opengl_sdl base project\debug\source.obj
d:\documents\work\programming\sample\opengl_sdl base project\opengl_sdl base project\debug\terrain.obj
d:\documents\work\programming\sample\opengl_sdl base project\opengl_sdl base project\debug\gamescreenlevel1.obj
d:\documents\work\programming\sample\opengl_sdl base project\opengl_sdl base project\debug\huddraw.obj
d:\documents\work\programming\sample\opengl_sdl base project\opengl_sdl base project\debug\gamescreenlevel2.obj
d:\documents\work\programming\sample\opengl_sdl base project\opengl_sdl base project\debug\objectobj.obj
d:\documents\work\programming\sample\opengl_sdl base project\opengl_sdl base project\debug\texture.obj
d:\documents\work\programming\sample\opengl_sdl base project\opengl_sdl base project\debug\gamescreenlevel3.obj
d:\documents\work\programming\sample\opengl_sdl base project\opengl_sdl base project\debug\playership.obj
d:\documents\work\programming\sample\opengl_sdl base project\opengl_sdl base project\debug\gameobject.obj
d:\documents\work\programming\sample\opengl_sdl base project\opengl_sdl base project\debug\gamescreenmenu.obj
d:\documents\work\programming\sample\opengl_sdl base project\opengl_sdl base project\debug\gamescreengamelevel1.obj
d:\documents\work\programming\sample\opengl_sdl base project\opengl_sdl base project\debug\gamescreengamelevel2.obj
d:\documents\work\programming\sample\opengl_sdl base project\debug\opengl_sdl base project.pdb
d:\documents\work\programming\sample\opengl_sdl base project\debug\opengl_sdl base project.exe
d:\documents\work\programming\sample\opengl_sdl base project\opengl_sdl base project\debug\opengl_s.9314caf6.tlog\cl.command.1.tlog
d:\documents\work\programming\sample\opengl_sdl base project\opengl_sdl base project\debug\opengl_s.9314caf6.tlog\cl.read.1.tlog
d:\documents\work\programming\sample\opengl_sdl base project\opengl_sdl base project\debug\opengl_s.9314caf6.tlog\cl.write.1.tlog
d:\documents\work\programming\sample\opengl_sdl base project\opengl_sdl base project\debug\opengl_s.9314caf6.tlog\link.command.1.tlog
d:\documents\work\programming\sample\opengl_sdl base project\opengl_sdl base project\debug\opengl_s.9314caf6.tlog\link.read.1.tlog
d:\documents\work\programming\sample\opengl_sdl base project\opengl_sdl base project\debug\opengl_s.9314caf6.tlog\link.write.1.tlog
